<?xml version="1.0" encoding="UTF-8"?>
<testsuite xmlns:xsi="http://www.w3.org/2001/XMLSchema-instance" xsi:noNamespaceSchemaLocation="https://maven.apache.org/surefire/maven-surefire-plugin/xsd/surefire-test-report-3.0.xsd" version="3.0" name="com.nt.SpringMailProjectApplicationTests" time="18.485" tests="1" errors="0" skipped="0" failures="0">
  <properties>
[...]
</properties>
  <testcase name="contextLoads" classname="com.nt.SpringMailProjectApplicationTests" time="1.343">
    <system-out><![CDATA[20:21:58.266 [main] INFO org.springframework.test.context.support.AnnotationConfigContextLoaderUtils -- Could not detect default configuration classes for test class [com.nt.SpringMailProjectApplicationTests]: SpringMailProjectApplicationTests does not declare any static, non-private, non-final, nested classes annotated with @Configuration.
20:21:58.446 [main] INFO org.springframework.boot.test.context.SpringBootTestContextBootstrapper -- Found @SpringBootConfiguration com.nt.SpringMailProjectApplication for test class com.nt.SpringMailProjectApplicationTests
20:21:58.725 [main] INFO org.springframework.boot.devtools.restart.RestartApplicationListener -- Restart disabled due to context in which it is running

  .   ____          _            __ _ _
 /\\ / ___'_ __ _ _(_)_ __  __ _ \ \ \ \
( ( )\___ | '_ | '_| | '_ \/ _` | \ \ \ \
 \\/  ___)| |_)| | | | | || (_| |  ) ) ) )
  '  |____| .__|_| |_|_| |_\__, | / / / /
 =========|_|==============|___/=/_/_/_/

 :: Spring Boot ::                (v3.3.1)

2024-07-21T20:21:59.114+05:30  INFO 20312 --- [SpringMailProject] [           main] c.nt.SpringMailProjectApplicationTests   : Starting SpringMailProjectApplicationTests using Java 17.0.7 with PID 20312 (started by mounika in C:\Users\mounika\git\DemoRepoForTL\SpringMailProject)
2024-07-21T20:21:59.116+05:30  INFO 20312 --- [SpringMailProject] [           main] c.nt.SpringMailProjectApplicationTests   : No active profile set, falling back to 1 default profile: "default"
2024-07-21T20:22:00.010+05:30  INFO 20312 --- [SpringMailProject] [           main] c.nt.SpringMailProjectApplicationTests   : Started SpringMailProjectApplicationTests in 1.306 seconds (process running for 3.387)
Price for all the items [Apples, chairs, Biscuits] is 1120 and you OTP is 5789
]]></system-out>
  </testcase>
</testsuite>